<?xml version="1.0" encoding="UTF-8"?>
<!-- Generated by org.testng.reporters.JUnitReportReporter -->
<testsuite hostname="ethan.local" name="org.frame.ui.sparrow.AppTest" tests="3" failures="0" timestamp="23 Nov 2016 06:04:12 GMT" time="0.016" errors="0">
  <testcase name="test01" time="0.002" classname="org.frame.ui.sparrow.AppTest"/>
  <testcase name="test01" time="0.012" classname="org.frame.ui.sparrow.AppTest"/>
  <testcase name="test01" time="0.002" classname="org.frame.ui.sparrow.AppTest"/>
</testsuite> <!-- org.frame.ui.sparrow.AppTest -->
